Processing /u/ssimon/GitHub/test/CfgNet-A-Framework-for-Tracking-Configuration-Dependencies-Across-a-Software-Project/evaluation/violation_injection/CfgNet-1.0.0-py3-none-any.whl
Collecting Sphinx<5.0.0,>=4.4.0
  Using cached Sphinx-4.5.0-py3-none-any.whl (3.1 MB)
Collecting graphviz<0.18,>=0.17
  Using cached graphviz-0.17-py3-none-any.whl (18 kB)
Collecting PyYAML<7.0,>=6.0
  Using cached PyYAML-6.0-cp310-cp310-manylinux_2_5_x86_64.manylinux1_x86_64.manylinux_2_12_x86_64.manylinux2010_x86_64.whl (682 kB)
Collecting GitPython<4.0.0,>=3.1.24
  Using cached GitPython-3.1.27-py3-none-any.whl (181 kB)
Collecting flatdict<5.0.0,>=4.0.1
  Using cached flatdict-4.0.1.tar.gz (8.3 kB)
Collecting sphinxcontrib-spelling<8.0.0,>=7.3.2
  Using cached sphinxcontrib_spelling-7.6.0-py3-none-any.whl (16 kB)
Collecting lxml<5.0.0,>=4.6.3
  Using cached lxml-4.9.1-cp310-cp310-manylinux_2_17_x86_64.manylinux2014_x86_64.manylinux_2_24_x86_64.whl (6.9 MB)
Collecting mypy<0.911,>=0.910
  Using cached mypy-0.910-py3-none-any.whl (2.1 MB)
Collecting types-PyYAML<7.0.0,>=6.0.1
  Using cached types_PyYAML-6.0.11-py3-none-any.whl (14 kB)
Collecting click<9.0.0,>=8.0.3
  Using cached click-8.1.3-py3-none-any.whl (96 kB)
Collecting types-toml<0.11.0,>=0.10.1
  Using cached types_toml-0.10.8-py3-none-any.whl (4.5 kB)
Collecting gitdb<5,>=4.0.1
  Using cached gitdb-4.0.9-py3-none-any.whl (63 kB)
Collecting smmap<6,>=3.0.1
  Using cached smmap-5.0.0-py3-none-any.whl (24 kB)
Collecting typing-extensions>=3.7.4
  Using cached typing_extensions-4.3.0-py3-none-any.whl (25 kB)
Collecting toml
  Using cached toml-0.10.2-py2.py3-none-any.whl (16 kB)
Collecting mypy-extensions<0.5.0,>=0.4.3
  Using cached mypy_extensions-0.4.3-py2.py3-none-any.whl (4.5 kB)
Collecting requests>=2.5.0
  Using cached requests-2.28.1-py3-none-any.whl (62 kB)
Collecting babel>=1.3
  Using cached Babel-2.10.3-py3-none-any.whl (9.5 MB)
Collecting sphinxcontrib-jsmath
  Using cached sphinxcontrib_jsmath-1.0.1-py2.py3-none-any.whl (5.1 kB)
Collecting sphinxcontrib-serializinghtml>=1.1.5
  Using cached sphinxcontrib_serializinghtml-1.1.5-py2.py3-none-any.whl (94 kB)
Collecting docutils<0.18,>=0.14
  Using cached docutils-0.17.1-py2.py3-none-any.whl (575 kB)
Collecting snowballstemmer>=1.1
  Using cached snowballstemmer-2.2.0-py2.py3-none-any.whl (93 kB)
Collecting alabaster<0.8,>=0.7
  Using cached alabaster-0.7.12-py2.py3-none-any.whl (14 kB)
Collecting imagesize
  Using cached imagesize-1.4.1-py2.py3-none-any.whl (8.8 kB)
Collecting sphinxcontrib-qthelp
  Using cached sphinxcontrib_qthelp-1.0.3-py2.py3-none-any.whl (90 kB)
Collecting sphinxcontrib-applehelp
  Using cached sphinxcontrib_applehelp-1.0.2-py2.py3-none-any.whl (121 kB)
Collecting Jinja2>=2.3
  Using cached Jinja2-3.1.2-py3-none-any.whl (133 kB)
Collecting Pygments>=2.0
  Using cached Pygments-2.13.0-py3-none-any.whl (1.1 MB)
Collecting sphinxcontrib-devhelp
  Using cached sphinxcontrib_devhelp-1.0.2-py2.py3-none-any.whl (84 kB)
Collecting packaging
  Using cached packaging-21.3-py3-none-any.whl (40 kB)
Collecting sphinxcontrib-htmlhelp>=2.0.0
  Using cached sphinxcontrib_htmlhelp-2.0.0-py2.py3-none-any.whl (100 kB)
Collecting pytz>=2015.7
  Using cached pytz-2022.2.1-py2.py3-none-any.whl (500 kB)
Collecting MarkupSafe>=2.0
  Using cached MarkupSafe-2.1.1-cp310-cp310-manylinux_2_17_x86_64.manylinux2014_x86_64.whl (25 kB)
Collecting certifi>=2017.4.17
  Using cached certifi-2022.6.15-py3-none-any.whl (160 kB)
Collecting charset-normalizer<3,>=2
  Using cached charset_normalizer-2.1.1-py3-none-any.whl (39 kB)
Collecting idna<4,>=2.5
  Using cached idna-3.3-py3-none-any.whl (61 kB)
Collecting urllib3<1.27,>=1.21.1
  Using cached urllib3-1.26.12-py2.py3-none-any.whl (140 kB)
Collecting PyEnchant>=3.1.1
  Using cached pyenchant-3.2.2-py3-none-any.whl (55 kB)
Collecting pyparsing!=3.0.5,>=2.0.2
  Using cached pyparsing-3.0.9-py3-none-any.whl (98 kB)
Using legacy 'setup.py install' for flatdict, since package 'wheel' is not installed.
Installing collected packages: urllib3, pytz, pyparsing, MarkupSafe, idna, charset-normalizer, certifi, sphinxcontrib-serializinghtml, sphinxcontrib-qthelp, sphinxcontrib-jsmath, sphinxcontrib-htmlhelp, sphinxcontrib-devhelp, sphinxcontrib-applehelp, snowballstemmer, smmap, requests, Pygments, packaging, Jinja2, imagesize, docutils, babel, alabaster, typing-extensions, toml, Sphinx, PyEnchant, mypy-extensions, gitdb, types-toml, types-PyYAML, sphinxcontrib-spelling, PyYAML, mypy, lxml, graphviz, GitPython, flatdict, click, CfgNet
    Running setup.py install for flatdict: started
    Running setup.py install for flatdict: finished with status 'done'
Successfully installed CfgNet-1.0.0 GitPython-3.1.27 Jinja2-3.1.2 MarkupSafe-2.1.1 PyEnchant-3.2.2 PyYAML-6.0 Pygments-2.13.0 Sphinx-4.5.0 alabaster-0.7.12 babel-2.10.3 certifi-2022.6.15 charset-normalizer-2.1.1 click-8.1.3 docutils-0.17.1 flatdict-4.0.1 gitdb-4.0.9 graphviz-0.17 idna-3.3 imagesize-1.4.1 lxml-4.9.1 mypy-0.910 mypy-extensions-0.4.3 packaging-21.3 pyparsing-3.0.9 pytz-2022.2.1 requests-2.28.1 smmap-5.0.0 snowballstemmer-2.2.0 sphinxcontrib-applehelp-1.0.2 sphinxcontrib-devhelp-1.0.2 sphinxcontrib-htmlhelp-2.0.0 sphinxcontrib-jsmath-1.0.1 sphinxcontrib-qthelp-1.0.3 sphinxcontrib-serializinghtml-1.1.5 sphinxcontrib-spelling-7.6.0 toml-0.10.2 types-PyYAML-6.0.11 types-toml-0.10.8 typing-extensions-4.3.0 urllib3-1.26.12
Requirement already satisfied: gitpython in /tmp/stackoverflow/venv/lib/python3.10/site-packages (3.1.27)
Requirement already satisfied: gitdb<5,>=4.0.1 in /tmp/stackoverflow/venv/lib/python3.10/site-packages (from gitpython) (4.0.9)
Requirement already satisfied: smmap<6,>=3.0.1 in /tmp/stackoverflow/venv/lib/python3.10/site-packages (from gitdb<5,>=4.0.1->gitpython) (5.0.0)

+------------+
| EVALUATION |
+------------+

$ git clone https://github.com/msk41/taskManagement out/taskManagement
$ cd out/taskManagement
$ git checkout a476761baea430bed325fc1e4e6b0473aae96a57
$ cfgnet init --enable-internal-links /tmp/stackoverflow/out/taskManagement
$ sed -i "2 c COPY /target/taskManager-0.0.1-SNAPSHOT.jar taskManager.jar" Dockerfile
$ cfgnet validate /tmp/stackoverflow/out/taskManagement
$ cfgnet init /tmp/stackoverflow/out/taskManagement
$ sed -i "13 c <version>0.0.2-SNAPSHOT</version>" pom.xml
$ cfgnet validate /tmp/stackoverflow/out/taskManagement
$ cfgnet init /tmp/stackoverflow/out/taskManagement
$ sed -i "4 c \ \ \ \ username: prod_user" src/main/resources/application-dev.yml
$ cfgnet validate /tmp/stackoverflow/out/taskManagement
Finished evaluation for https://github.com/msk41/taskManagement

$ git clone https://github.com/B-Software/Ward out/Ward
$ cd out/Ward
$ git checkout f9848747933bf2910ae163da9808bf7ea092796e
$ cfgnet init /tmp/stackoverflow/out/Ward
$ sed -i "21 c COPY --from=builder app/pom.xml /pom.xml" Dockerfile
$ cfgnet validate /tmp/stackoverflow/out/Ward
Finished evaluation for https://github.com/B-Software/Ward

$ git clone https://github.com/sqshq/piggymetrics out/piggymetrics
$ cd out/piggymetrics
$ git checkout fd5ee3c555ea9cd6067eacf3f2a3e8b85fe4fe77
$ cfgnet init /tmp/stackoverflow/out/piggymetrics
$ sed -i "9 c EXPOSE 8080" config/Dockerfile
$ cfgnet validate /tmp/stackoverflow/out/piggymetrics
$ cfgnet init /tmp/stackoverflow/out/piggymetrics
$ sed -i "6 c <artifactId>configuration</artifactId>" config/pom.xml
$ cfgnet validate /tmp/stackoverflow/out/piggymetrics
Finished evaluation for https://github.com/sqshq/piggymetrics

$ git clone https://github.com/reljicd/spring-boot-blog out/spring-boot-blog
$ cd out/spring-boot-blog
$ git checkout ad754f162b0140cc1f81bea8c8cc9e8a35ce4001
$ cfgnet init /tmp/stackoverflow/out/spring-boot-blog
$ sed -i "8 c <version>0.0.2</version>" pom.xml
$ cfgnet validate /tmp/stackoverflow/out/spring-boot-blog
$ cfgnet init /tmp/stackoverflow/out/spring-boot-blog
$ sed -i "3 c server.port = 8000" src/main/resources/application.properties
$ cfgnet validate /tmp/stackoverflow/out/spring-boot-blog
Finished evaluation for https://github.com/reljicd/spring-boot-blog

$ git clone https://github.com/Oreste-Luci/netflix-oss-example out/netflix-oss-example
$ cd out/netflix-oss-example
$ git checkout ec4dc71bbff8ed6be8b03c36eb0a473518dbd5b5
$ cfgnet init --enable-internal-links /tmp/stackoverflow/out/netflix-oss-example
$ sed -i "16 c ADD target/eureka-service.jar eureka.jar" eureka-server/Dockerfile
$ cfgnet validate /tmp/stackoverflow/out/netflix-oss-example
$ cfgnet init /tmp/stackoverflow/out/netflix-oss-example
$ sed -i "8 c <artifactId>config</artifactId>" config-service/pom.xml
$ cfgnet validate /tmp/stackoverflow/out/netflix-oss-example
$ cfgnet init /tmp/stackoverflow/out/netflix-oss-example
$ sed -i "20 c EXPOSE 7777" hystrix-dashboard/Dockerfile
$ cfgnet validate /tmp/stackoverflow/out/netflix-oss-example
Finished evaluation for https://github.com/Oreste-Luci/netflix-oss-example

